Analysis & Synthesis report for cpen312_lab2_a
Wed Feb 15 23:03:21 2023
Quartus Prime Version 16.1.0 Build 196 10/24/2016 SJ Lite Edition


---------------------
; Table of Contents ;
---------------------
  1. Legal Notice
  2. Analysis & Synthesis Summary
  3. Analysis & Synthesis Settings
  4. Parallel Compilation
  5. Analysis & Synthesis Source Files Read
  6. Analysis & Synthesis Resource Usage Summary
  7. Analysis & Synthesis Resource Utilization by Entity
  8. User-Specified and Inferred Latches
  9. General Register Statistics
 10. Post-Synthesis Netlist Statistics for Top Partition
 11. Elapsed Time Per Partition
 12. Analysis & Synthesis Messages



----------------
; Legal Notice ;
----------------
Copyright (C) 2016  Intel Corporation. All rights reserved.
Your use of Intel Corporation's design tools, logic functions 
and other software and tools, and its AMPP partner logic 
functions, and any output files from any of the foregoing 
(including device programming or simulation files), and any 
associated documentation or information are expressly subject 
to the terms and conditions of the Intel Program License 
Subscription Agreement, the Intel Quartus Prime License Agreement,
the Intel MegaCore Function License Agreement, or other 
applicable license agreement, including, without limitation, 
that your use is for the sole purpose of programming logic 
devices manufactured by Intel and sold by Intel or its 
authorized distributors.  Please refer to the applicable 
agreement for further details.



+-------------------------------------------------------------------------------+
; Analysis & Synthesis Summary                                                  ;
+---------------------------------+---------------------------------------------+
; Analysis & Synthesis Status     ; Successful - Wed Feb 15 23:03:21 2023       ;
; Quartus Prime Version           ; 16.1.0 Build 196 10/24/2016 SJ Lite Edition ;
; Revision Name                   ; cpen312_lab2_a                              ;
; Top-level Entity Name           ; cpen312_lab2_a                              ;
; Family                          ; Cyclone V                                   ;
; Logic utilization (in ALMs)     ; N/A                                         ;
; Total registers                 ; 0                                           ;
; Total pins                      ; 27                                          ;
; Total virtual pins              ; 0                                           ;
; Total block memory bits         ; 0                                           ;
; Total DSP Blocks                ; 0                                           ;
; Total HSSI RX PCSs              ; 0                                           ;
; Total HSSI PMA RX Deserializers ; 0                                           ;
; Total HSSI TX PCSs              ; 0                                           ;
; Total HSSI PMA TX Serializers   ; 0                                           ;
; Total PLLs                      ; 0                                           ;
; Total DLLs                      ; 0                                           ;
+---------------------------------+---------------------------------------------+


+---------------------------------------------------------------------------------------------------------------------------+
; Analysis & Synthesis Settings                                                                                             ;
+---------------------------------------------------------------------------------+--------------------+--------------------+
; Option                                                                          ; Setting            ; Default Value      ;
+---------------------------------------------------------------------------------+--------------------+--------------------+
; Device                                                                          ; 5CEBA4F23C7        ;                    ;
; Top-level entity name                                                           ; cpen312_lab2_a     ; cpen312_lab2_a     ;
; Family name                                                                     ; Cyclone V          ; Cyclone V          ;
; Use smart compilation                                                           ; Off                ; Off                ;
; Enable parallel Assembler and TimeQuest Timing Analyzer during compilation      ; On                 ; On                 ;
; Enable compact report table                                                     ; Off                ; Off                ;
; Restructure Multiplexers                                                        ; Auto               ; Auto               ;
; MLAB Add Timing Constraints For Mixed-Port Feed-Through Mode Setting Don't Care ; Off                ; Off                ;
; Create Debugging Nodes for IP Cores                                             ; Off                ; Off                ;
; Preserve fewer node names                                                       ; On                 ; On                 ;
; OpenCore Plus hardware evaluation                                               ; Enable             ; Enable             ;
; Verilog Version                                                                 ; Verilog_2001       ; Verilog_2001       ;
; VHDL Version                                                                    ; VHDL_1993          ; VHDL_1993          ;
; State Machine Processing                                                        ; Auto               ; Auto               ;
; Safe State Machine                                                              ; Off                ; Off                ;
; Extract Verilog State Machines                                                  ; On                 ; On                 ;
; Extract VHDL State Machines                                                     ; On                 ; On                 ;
; Ignore Verilog initial constructs                                               ; Off                ; Off                ;
; Iteration limit for constant Verilog loops                                      ; 5000               ; 5000               ;
; Iteration limit for non-constant Verilog loops                                  ; 250                ; 250                ;
; Add Pass-Through Logic to Inferred RAMs                                         ; On                 ; On                 ;
; Infer RAMs from Raw Logic                                                       ; On                 ; On                 ;
; Parallel Synthesis                                                              ; On                 ; On                 ;
; DSP Block Balancing                                                             ; Auto               ; Auto               ;
; NOT Gate Push-Back                                                              ; On                 ; On                 ;
; Power-Up Don't Care                                                             ; On                 ; On                 ;
; Remove Redundant Logic Cells                                                    ; Off                ; Off                ;
; Remove Duplicate Registers                                                      ; On                 ; On                 ;
; Ignore CARRY Buffers                                                            ; Off                ; Off                ;
; Ignore CASCADE Buffers                                                          ; Off                ; Off                ;
; Ignore GLOBAL Buffers                                                           ; Off                ; Off                ;
; Ignore ROW GLOBAL Buffers                                                       ; Off                ; Off                ;
; Ignore LCELL Buffers                                                            ; Off                ; Off                ;
; Ignore SOFT Buffers                                                             ; On                 ; On                 ;
; Limit AHDL Integers to 32 Bits                                                  ; Off                ; Off                ;
; Optimization Technique                                                          ; Balanced           ; Balanced           ;
; Carry Chain Length                                                              ; 70                 ; 70                 ;
; Auto Carry Chains                                                               ; On                 ; On                 ;
; Auto Open-Drain Pins                                                            ; On                 ; On                 ;
; Perform WYSIWYG Primitive Resynthesis                                           ; Off                ; Off                ;
; Auto ROM Replacement                                                            ; On                 ; On                 ;
; Auto RAM Replacement                                                            ; On                 ; On                 ;
; Auto DSP Block Replacement                                                      ; On                 ; On                 ;
; Auto Shift Register Replacement                                                 ; Auto               ; Auto               ;
; Allow Shift Register Merging across Hierarchies                                 ; Auto               ; Auto               ;
; Auto Clock Enable Replacement                                                   ; On                 ; On                 ;
; Strict RAM Replacement                                                          ; Off                ; Off                ;
; Allow Synchronous Control Signals                                               ; On                 ; On                 ;
; Force Use of Synchronous Clear Signals                                          ; Off                ; Off                ;
; Auto Resource Sharing                                                           ; Off                ; Off                ;
; Allow Any RAM Size For Recognition                                              ; Off                ; Off                ;
; Allow Any ROM Size For Recognition                                              ; Off                ; Off                ;
; Allow Any Shift Register Size For Recognition                                   ; Off                ; Off                ;
; Use LogicLock Constraints during Resource Balancing                             ; On                 ; On                 ;
; Ignore translate_off and synthesis_off directives                               ; Off                ; Off                ;
; Timing-Driven Synthesis                                                         ; On                 ; On                 ;
; Report Parameter Settings                                                       ; On                 ; On                 ;
; Report Source Assignments                                                       ; On                 ; On                 ;
; Report Connectivity Checks                                                      ; On                 ; On                 ;
; Ignore Maximum Fan-Out Assignments                                              ; Off                ; Off                ;
; Synchronization Register Chain Length                                           ; 3                  ; 3                  ;
; PowerPlay Power Optimization During Synthesis                                   ; Normal compilation ; Normal compilation ;
; HDL message level                                                               ; Level2             ; Level2             ;
; Suppress Register Optimization Related Messages                                 ; Off                ; Off                ;
; Number of Removed Registers Reported in Synthesis Report                        ; 5000               ; 5000               ;
; Number of Swept Nodes Reported in Synthesis Report                              ; 5000               ; 5000               ;
; Number of Inverted Registers Reported in Synthesis Report                       ; 100                ; 100                ;
; Clock MUX Protection                                                            ; On                 ; On                 ;
; Auto Gated Clock Conversion                                                     ; Off                ; Off                ;
; Block Design Naming                                                             ; Auto               ; Auto               ;
; SDC constraint protection                                                       ; Off                ; Off                ;
; Synthesis Effort                                                                ; Auto               ; Auto               ;
; Shift Register Replacement - Allow Asynchronous Clear Signal                    ; On                 ; On                 ;
; Pre-Mapping Resynthesis Optimization                                            ; Off                ; Off                ;
; Analysis & Synthesis Message Level                                              ; Medium             ; Medium             ;
; Disable Register Merging Across Hierarchies                                     ; Auto               ; Auto               ;
; Resource Aware Inference For Block RAM                                          ; On                 ; On                 ;
; Automatic Parallel Synthesis                                                    ; On                 ; On                 ;
; Partial Reconfiguration Bitstream ID                                            ; Off                ; Off                ;
+---------------------------------------------------------------------------------+--------------------+--------------------+


+------------------------------------------+
; Parallel Compilation                     ;
+----------------------------+-------------+
; Processors                 ; Number      ;
+----------------------------+-------------+
; Number detected on machine ; 12          ;
; Maximum allowed            ; 12          ;
;                            ;             ;
; Average used               ; 1.00        ;
; Maximum used               ; 1           ;
;                            ;             ;
; Usage by Processor         ; % Time Used ;
;     Processor 1            ; 100.0%      ;
+----------------------------+-------------+


+---------------------------------------------------------------------------------------------------------------------------------------------------------+
; Analysis & Synthesis Source Files Read                                                                                                                  ;
+----------------------------------+-----------------+-----------------+------------------------------------------------------------------------+---------+
; File Name with User-Entered Path ; Used in Netlist ; File Type       ; File Name with Absolute Path                                           ; Library ;
+----------------------------------+-----------------+-----------------+------------------------------------------------------------------------+---------+
; BCDto7Seg.vhd                    ; yes             ; User VHDL File  ; C:/intelFPGA_lite/16.1/projects/cpen312_lab2_a_4bit/BCDto7Seg.vhd      ;         ;
; latch_8bit.vhd                   ; yes             ; User VHDL File  ; C:/intelFPGA_lite/16.1/projects/cpen312_lab2_a_4bit/latch_8bit.vhd     ;         ;
; bcd_addsub.vhd                   ; yes             ; User VHDL File  ; C:/intelFPGA_lite/16.1/projects/cpen312_lab2_a_4bit/bcd_addsub.vhd     ;         ;
; cpen312_lab2_a.vhd               ; yes             ; User VHDL File  ; C:/intelFPGA_lite/16.1/projects/cpen312_lab2_a_4bit/cpen312_lab2_a.vhd ;         ;
+----------------------------------+-----------------+-----------------+------------------------------------------------------------------------+---------+


+-----------------------------------------------------------------------+
; Analysis & Synthesis Resource Usage Summary                           ;
+---------------------------------------------+-------------------------+
; Resource                                    ; Usage                   ;
+---------------------------------------------+-------------------------+
; Estimate of Logic utilization (ALMs needed) ; 14                      ;
;                                             ;                         ;
; Combinational ALUT usage for logic          ; 27                      ;
;     -- 7 input functions                    ; 0                       ;
;     -- 6 input functions                    ; 0                       ;
;     -- 5 input functions                    ; 0                       ;
;     -- 4 input functions                    ; 14                      ;
;     -- <=3 input functions                  ; 13                      ;
;                                             ;                         ;
; Dedicated logic registers                   ; 0                       ;
;                                             ;                         ;
; I/O pins                                    ; 27                      ;
;                                             ;                         ;
; Total DSP Blocks                            ; 0                       ;
;                                             ;                         ;
; Maximum fan-out node                        ; latch_4bit:latch_a|q[0] ;
; Maximum fan-out                             ; 9                       ;
; Total fan-out                               ; 142                     ;
; Average fan-out                             ; 1.75                    ;
+---------------------------------------------+-------------------------+


+-------------------------------------------------------------------------------------------------------------------------------------------------------------------------------------------------------------+
; Analysis & Synthesis Resource Utilization by Entity                                                                                                                                                         ;
+----------------------------+---------------------+---------------------------+-------------------+------------+------+--------------+---------------------------------------+----------------+--------------+
; Compilation Hierarchy Node ; Combinational ALUTs ; Dedicated Logic Registers ; Block Memory Bits ; DSP Blocks ; Pins ; Virtual Pins ; Full Hierarchy Name                   ; Entity Name    ; Library Name ;
+----------------------------+---------------------+---------------------------+-------------------+------------+------+--------------+---------------------------------------+----------------+--------------+
; |cpen312_lab2_a            ; 27 (0)              ; 0 (0)                     ; 0                 ; 0          ; 27   ; 0            ; |cpen312_lab2_a                       ; cpen312_lab2_a ; work         ;
;    |bcd_addsub:math_op|    ; 5 (5)               ; 0 (0)                     ; 0                 ; 0          ; 0    ; 0            ; |cpen312_lab2_a|bcd_addsub:math_op    ; bcd_addsub     ; work         ;
;    |bcdto7seg:display_a_l| ; 7 (7)               ; 0 (0)                     ; 0                 ; 0          ; 0    ; 0            ; |cpen312_lab2_a|bcdto7seg:display_a_l ; bcdto7seg      ; work         ;
;    |bcdto7seg:display_b_l| ; 7 (7)               ; 0 (0)                     ; 0                 ; 0          ; 0    ; 0            ; |cpen312_lab2_a|bcdto7seg:display_b_l ; bcdto7seg      ; work         ;
;    |latch_4bit:latch_a|    ; 4 (4)               ; 0 (0)                     ; 0                 ; 0          ; 0    ; 0            ; |cpen312_lab2_a|latch_4bit:latch_a    ; latch_4bit     ; work         ;
;    |latch_4bit:latch_b|    ; 4 (4)               ; 0 (0)                     ; 0                 ; 0          ; 0    ; 0            ; |cpen312_lab2_a|latch_4bit:latch_b    ; latch_4bit     ; work         ;
+----------------------------+---------------------+---------------------------+-------------------+------------+------+--------------+---------------------------------------+----------------+--------------+
Note: For table entries with two numbers listed, the numbers in parentheses indicate the number of resources of the given type used by the specific entity alone. The numbers listed outside of parentheses indicate the total resources of the given type used by the specific entity and all of its sub-entities in the hierarchy.


+---------------------------------------------------------------------------------------------------+
; User-Specified and Inferred Latches                                                               ;
+----------------------------------------------------+---------------------+------------------------+
; Latch Name                                         ; Latch Enable Signal ; Free of Timing Hazards ;
+----------------------------------------------------+---------------------+------------------------+
; latch_4bit:latch_a|q[0]                            ; toggle_a            ; yes                    ;
; latch_4bit:latch_a|q[1]                            ; toggle_a            ; yes                    ;
; latch_4bit:latch_a|q[2]                            ; toggle_a            ; yes                    ;
; latch_4bit:latch_a|q[3]                            ; toggle_a            ; yes                    ;
; latch_4bit:latch_b|q[0]                            ; toggle_b            ; yes                    ;
; latch_4bit:latch_b|q[1]                            ; toggle_b            ; yes                    ;
; latch_4bit:latch_b|q[2]                            ; toggle_b            ; yes                    ;
; latch_4bit:latch_b|q[3]                            ; toggle_b            ; yes                    ;
; Number of user-specified and inferred latches = 8  ;                     ;                        ;
+----------------------------------------------------+---------------------+------------------------+
Note: All latches listed above may not be present at the end of synthesis due to various synthesis optimizations.


+------------------------------------------------------+
; General Register Statistics                          ;
+----------------------------------------------+-------+
; Statistic                                    ; Value ;
+----------------------------------------------+-------+
; Total registers                              ; 0     ;
; Number of registers using Synchronous Clear  ; 0     ;
; Number of registers using Synchronous Load   ; 0     ;
; Number of registers using Asynchronous Clear ; 0     ;
; Number of registers using Asynchronous Load  ; 0     ;
; Number of registers using Clock Enable       ; 0     ;
; Number of registers using Preset             ; 0     ;
+----------------------------------------------+-------+


+-----------------------------------------------------+
; Post-Synthesis Netlist Statistics for Top Partition ;
+-----------------------+-----------------------------+
; Type                  ; Count                       ;
+-----------------------+-----------------------------+
; arriav_lcell_comb     ; 30                          ;
;     arith             ; 5                           ;
;         1 data inputs ; 1                           ;
;         3 data inputs ; 4                           ;
;     normal            ; 25                          ;
;         0 data inputs ; 1                           ;
;         1 data inputs ; 2                           ;
;         3 data inputs ; 8                           ;
;         4 data inputs ; 14                          ;
; boundary_port         ; 27                          ;
;                       ;                             ;
; Max LUT depth         ; 2.00                        ;
; Average LUT depth     ; 1.29                        ;
+-----------------------+-----------------------------+


+-------------------------------+
; Elapsed Time Per Partition    ;
+----------------+--------------+
; Partition Name ; Elapsed Time ;
+----------------+--------------+
; Top            ; 00:00:00     ;
+----------------+--------------+


+-------------------------------+
; Analysis & Synthesis Messages ;
+-------------------------------+
Info: *******************************************************************
Info: Running Quartus Prime Analysis & Synthesis
    Info: Version 16.1.0 Build 196 10/24/2016 SJ Lite Edition
    Info: Processing started: Wed Feb 15 23:03:11 2023
Info: Command: quartus_map --read_settings_files=on --write_settings_files=off cpen312_lab2_a -c cpen312_lab2_a
Warning (18236): Number of processors has not been specified which may cause overloading on shared machines.  Set the global assignment NUM_PARALLEL_PROCESSORS in your QSF to an appropriate value for best performance.
Info (20030): Parallel compilation is enabled and will use 12 of the 12 processors detected
Info (12021): Found 2 design units, including 1 entities, in source file vec_to_nibs.vhd
    Info (12022): Found design unit 1: vec_to_nibs-a File: C:/intelFPGA_lite/16.1/projects/cpen312_lab2_a_4bit/vec_to_nibs.vhd Line: 15
    Info (12023): Found entity 1: vec_to_nibs File: C:/intelFPGA_lite/16.1/projects/cpen312_lab2_a_4bit/vec_to_nibs.vhd Line: 5
Info (12021): Found 2 design units, including 1 entities, in source file bcdto7seg.vhd
    Info (12022): Found design unit 1: bcdto7seg-a File: C:/intelFPGA_lite/16.1/projects/cpen312_lab2_a_4bit/BCDto7Seg.vhd Line: 18
    Info (12023): Found entity 1: bcdto7seg File: C:/intelFPGA_lite/16.1/projects/cpen312_lab2_a_4bit/BCDto7Seg.vhd Line: 6
Info (12021): Found 2 design units, including 1 entities, in source file latch_8bit.vhd
    Info (12022): Found design unit 1: latch_4bit-a File: C:/intelFPGA_lite/16.1/projects/cpen312_lab2_a_4bit/latch_8bit.vhd Line: 13
    Info (12023): Found entity 1: latch_4bit File: C:/intelFPGA_lite/16.1/projects/cpen312_lab2_a_4bit/latch_8bit.vhd Line: 5
Info (12021): Found 2 design units, including 1 entities, in source file bcd_addsub.vhd
    Info (12022): Found design unit 1: bcd_addsub-a File: C:/intelFPGA_lite/16.1/projects/cpen312_lab2_a_4bit/bcd_addsub.vhd Line: 16
    Info (12023): Found entity 1: bcd_addsub File: C:/intelFPGA_lite/16.1/projects/cpen312_lab2_a_4bit/bcd_addsub.vhd Line: 6
Info (12021): Found 2 design units, including 1 entities, in source file cpen312_lab2_a.vhd
    Info (12022): Found design unit 1: cpen312_lab2_a-Behavioral File: C:/intelFPGA_lite/16.1/projects/cpen312_lab2_a_4bit/cpen312_lab2_a.vhd Line: 26
    Info (12023): Found entity 1: cpen312_lab2_a File: C:/intelFPGA_lite/16.1/projects/cpen312_lab2_a_4bit/cpen312_lab2_a.vhd Line: 10
Info (12127): Elaborating entity "cpen312_lab2_a" for the top level hierarchy
Info (12128): Elaborating entity "latch_4bit" for hierarchy "latch_4bit:latch_a" File: C:/intelFPGA_lite/16.1/projects/cpen312_lab2_a_4bit/cpen312_lab2_a.vhd Line: 96
Warning (10631): VHDL Process Statement warning at latch_8bit.vhd(15): inferring latch(es) for signal or variable "q", which holds its previous value in one or more paths through the process File: C:/intelFPGA_lite/16.1/projects/cpen312_lab2_a_4bit/latch_8bit.vhd Line: 15
Info (10041): Inferred latch for "q[0]" at latch_8bit.vhd(15) File: C:/intelFPGA_lite/16.1/projects/cpen312_lab2_a_4bit/latch_8bit.vhd Line: 15
Info (10041): Inferred latch for "q[1]" at latch_8bit.vhd(15) File: C:/intelFPGA_lite/16.1/projects/cpen312_lab2_a_4bit/latch_8bit.vhd Line: 15
Info (10041): Inferred latch for "q[2]" at latch_8bit.vhd(15) File: C:/intelFPGA_lite/16.1/projects/cpen312_lab2_a_4bit/latch_8bit.vhd Line: 15
Info (10041): Inferred latch for "q[3]" at latch_8bit.vhd(15) File: C:/intelFPGA_lite/16.1/projects/cpen312_lab2_a_4bit/latch_8bit.vhd Line: 15
Info (12128): Elaborating entity "bcdto7seg" for hierarchy "bcdto7seg:display_a_l" File: C:/intelFPGA_lite/16.1/projects/cpen312_lab2_a_4bit/cpen312_lab2_a.vhd Line: 108
Info (12128): Elaborating entity "bcd_addsub" for hierarchy "bcd_addsub:math_op" File: C:/intelFPGA_lite/16.1/projects/cpen312_lab2_a_4bit/cpen312_lab2_a.vhd Line: 118
Warning (10492): VHDL Process Statement warning at bcd_addsub.vhd(59): signal "sub" is read inside the Process Statement but isn't in the Process Statement's sensitivity list File: C:/intelFPGA_lite/16.1/projects/cpen312_lab2_a_4bit/bcd_addsub.vhd Line: 59
Warning (13024): Output pins are stuck at VCC or GND
    Warning (13410): Pin "carry" is stuck at GND File: C:/intelFPGA_lite/16.1/projects/cpen312_lab2_a_4bit/cpen312_lab2_a.vhd Line: 18
Info (286030): Timing-Driven Synthesis is running
Info (16010): Generating hard_block partition "hard_block:auto_generated_inst"
    Info (16011): Adding 0 node(s), including 0 DDIO, 0 PLL, 0 transceiver and 0 LCELL
Warning (21074): Design contains 1 input pin(s) that do not drive logic
    Warning (15610): No output dependent on input pin "carry_in" File: C:/intelFPGA_lite/16.1/projects/cpen312_lab2_a_4bit/cpen312_lab2_a.vhd Line: 17
Info (21057): Implemented 54 device resources after synthesis - the final resource count might be different
    Info (21058): Implemented 8 input pins
    Info (21059): Implemented 19 output pins
    Info (21061): Implemented 27 logic cells
Info: Quartus Prime Analysis & Synthesis was successful. 0 errors, 7 warnings
    Info: Peak virtual memory: 4854 megabytes
    Info: Processing ended: Wed Feb 15 23:03:21 2023
    Info: Elapsed time: 00:00:10
    Info: Total CPU time (on all processors): 00:00:21


